0 verbose cli C:\Program Files\nodejs\node.exe C:\Program Files\nodejs\node_modules\npm\bin\npm-cli.js
1 info using npm@10.9.2
2 info using node@v23.9.0
3 silly config load:file:C:\Program Files\nodejs\node_modules\npm\npmrc
4 silly config load:file:C:\Users\mohammed.eisa\AppData\Local\Microsoft\TypeScript\5.9\.npmrc
5 silly config load:file:C:\Users\mohammed.eisa\.npmrc
6 silly config load:file:C:\Users\mohammed.eisa\AppData\Roaming\npm\etc\npmrc
7 verbose title npm install @types/react@ts5.9
8 verbose argv "install" "--ignore-scripts" "@types/react@ts5.9" "--save-dev" "--user-agent" "typesInstaller/5.9.3"
9 verbose logfile logs-max:10 dir:c:\Users\mohammed.eisa\Downloads\node-v24.14.1-win-x64\.npm-cache\_logs\2026-04-14T06_30_12_283Z-
10 verbose logfile c:\Users\mohammed.eisa\Downloads\node-v24.14.1-win-x64\.npm-cache\_logs\2026-04-14T06_30_12_283Z-debug-0.log
11 silly logfile done cleaning log files
12 silly packumentCache heap:4345298944 maxSize:1086324736 maxEntrySize:543162368
13 silly packumentCache corgi:https://registry.npmjs.org/@types%2freact cache-miss
14 http fetch GET 200 https://registry.npmjs.org/@types%2freact 779ms (cache miss)
15 silly packumentCache corgi:https://registry.npmjs.org/@types%2freact set size:undefined disposed:false
16 silly idealTree buildDeps
17 silly fetch manifest @types/react@19.2.14
18 silly packumentCache full:https://registry.npmjs.org/@types%2freact cache-miss
19 http fetch GET 200 https://registry.npmjs.org/@types%2freact 139ms (cache revalidated)
20 silly packumentCache full:https://registry.npmjs.org/@types%2freact set size:2588964 disposed:false
21 silly placeDep ROOT @types/react@19.2.14 OK for:  want: 19.2.14
22 silly fetch manifest csstype@^3.2.2
23 silly packumentCache full:https://registry.npmjs.org/csstype cache-miss
24 http fetch GET 200 https://registry.npmjs.org/csstype 97ms (cache revalidated)
25 silly packumentCache full:https://registry.npmjs.org/csstype set size:274189 disposed:false
26 silly placeDep ROOT csstype@3.2.3 OK for: @types/react@19.2.14 want: ^3.2.2
27 silly reify moves {}
28 silly audit bulk request {
28 silly audit   'types-registry': [ '0.1.765' ],
28 silly audit   '@types/react': [ '19.2.14' ],
28 silly audit   csstype: [ '3.2.3' ]
28 silly audit }
29 http cache csstype@https://registry.npmjs.org/csstype/-/csstype-3.2.3.tgz 0ms (cache hit)
30 http cache @types/react@https://registry.npmjs.org/@types/react/-/react-19.2.14.tgz 0ms (cache hit)
31 http fetch POST 200 https://registry.npmjs.org/-/npm/v1/security/advisories/bulk 240ms
32 silly audit report {}
33 silly ADD node_modules/csstype
34 silly ADD node_modules/@types/react
35 verbose cwd C:\Users\mohammed.eisa\AppData\Local\Microsoft\TypeScript\5.9
36 verbose os Windows_NT 10.0.26200
37 verbose node v23.9.0
38 verbose npm  v10.9.2
39 verbose exit 0
40 info ok
